2017-08-29 20:47:50.2348|DEBUG|SmartClass.Infrastructure.Logged.NLogHelper|System.Collections.Generic.KeyNotFoundException: 给定关键字不在字典中。
   在 System.Collections.Generic.Dictionary`2.get_Item(TKey key)
   在 SmartClass.Models.SerialPortService.GetReturnData(String classroom) 位置 E:\SmartClass\SmartClass\Models\SerialPortService.cs:行号 70
   在 SmartClass.Models.SearchService.Search(Z_Room room, EquipmentResult result) 位置 E:\SmartClass\SmartClass\Models\SearchService.cs:行号 42
   在 SmartClass.Models.Job.SearchBuildingAllRoomEquipmentJob.SearchBuildingAllRoomEquipmentInfo1(String buildingName, Z_Room room) 位置 E:\SmartClass\SmartClass\Models\Job\SearchBuildingAllRoomEquipmentJob.cs:行号 118
   在 SmartClass.Models.Job.SearchBuildingAllRoomEquipmentJob.Execute(IJobExecutionContext context) 位置 E:\SmartClass\SmartClass\Models\Job\SearchBuildingAllRoomEquipmentJob.cs:行号 46
2017-08-29 20:49:00.2311|DEBUG|SmartClass.Infrastructure.Logged.NLogHelper|System.ArgumentException: 已添加了具有相同键的项。
   在 System.ThrowHelper.ThrowArgumentException(ExceptionResource resource)
   在 System.Collections.Generic.Dictionary`2.Insert(TKey key, TValue value, Boolean add)
   在 System.Collections.Generic.Dictionary`2.Add(TKey key, TValue value)
   在 SmartClass.Models.SerialPortUtils.Port_DataReceived(Object sender, SerialDataReceivedEventArgs e) 位置 E:\SmartClass\SmartClass\Models\SerialPortUtils.cs:行号 96
2017-08-29 20:50:56.8016|DEBUG|SmartClass.Infrastructure.Logged.NLogHelper|System.Collections.Generic.KeyNotFoundException: 给定关键字不在字典中。
   在 System.Collections.Generic.Dictionary`2.get_Item(TKey key)
   在 SmartClass.Models.SerialPortService.GetReturnData(String classroom) 位置 E:\SmartClass\SmartClass\Models\SerialPortService.cs:行号 70
   在 SmartClass.Models.SearchService.Search(Z_Room room, EquipmentResult result) 位置 E:\SmartClass\SmartClass\Models\SearchService.cs:行号 42
   在 SmartClass.Models.Job.SearchBuildingAllRoomEquipmentJob.SearchBuildingAllRoomEquipmentInfo1(String buildingName, Z_Room room) 位置 E:\SmartClass\SmartClass\Models\Job\SearchBuildingAllRoomEquipmentJob.cs:行号 118
   在 SmartClass.Models.Job.SearchBuildingAllRoomEquipmentJob.Execute(IJobExecutionContext context) 位置 E:\SmartClass\SmartClass\Models\Job\SearchBuildingAllRoomEquipmentJob.cs:行号 46
2017-08-29 20:51:26.8083|DEBUG|SmartClass.Infrastructure.Logged.NLogHelper|System.ArgumentException: 已添加了具有相同键的项。
   在 System.ThrowHelper.ThrowArgumentException(ExceptionResource resource)
   在 System.Collections.Generic.Dictionary`2.Insert(TKey key, TValue value, Boolean add)
   在 System.Collections.Generic.Dictionary`2.Add(TKey key, TValue value)
   在 SmartClass.Models.SerialPortUtils.Port_DataReceived(Object sender, SerialDataReceivedEventArgs e) 位置 E:\SmartClass\SmartClass\Models\SerialPortUtils.cs:行号 96
2017-08-29 20:53:02.1202|DEBUG|SmartClass.Infrastructure.Logged.NLogHelper|System.Collections.Generic.KeyNotFoundException: 给定关键字不在字典中。
   在 System.Collections.Generic.Dictionary`2.get_Item(TKey key)
   在 SmartClass.Models.SerialPortService.GetReturnData(String classroom) 位置 E:\SmartClass\SmartClass\Models\SerialPortService.cs:行号 70
   在 SmartClass.Models.SearchService.Search(Z_Room room, EquipmentResult result) 位置 E:\SmartClass\SmartClass\Models\SearchService.cs:行号 42
   在 SmartClass.Models.Job.SearchBuildingAllRoomEquipmentJob.SearchBuildingAllRoomEquipmentInfo1(String buildingName, Z_Room room) 位置 E:\SmartClass\SmartClass\Models\Job\SearchBuildingAllRoomEquipmentJob.cs:行号 118
   在 SmartClass.Models.Job.SearchBuildingAllRoomEquipmentJob.Execute(IJobExecutionContext context) 位置 E:\SmartClass\SmartClass\Models\Job\SearchBuildingAllRoomEquipmentJob.cs:行号 46
2017-08-29 20:56:45.8156|DEBUG|SmartClass.Infrastructure.Logged.NLogHelper|System.ArgumentException: 已添加了具有相同键的项。
   在 System.ThrowHelper.ThrowArgumentException(ExceptionResource resource)
   在 System.Collections.Generic.Dictionary`2.Insert(TKey key, TValue value, Boolean add)
   在 System.Collections.Generic.Dictionary`2.Add(TKey key, TValue value)
   在 SmartClass.Models.SerialPortUtils.Port_DataReceived(Object sender, SerialDataReceivedEventArgs e) 位置 E:\SmartClass\SmartClass\Models\SerialPortUtils.cs:行号 97
2017-08-29 20:57:35.8151|DEBUG|SmartClass.Infrastructure.Logged.NLogHelper|System.ArgumentException: 已添加了具有相同键的项。
   在 System.ThrowHelper.ThrowArgumentException(ExceptionResource resource)
   在 System.Collections.Generic.Dictionary`2.Insert(TKey key, TValue value, Boolean add)
   在 System.Collections.Generic.Dictionary`2.Add(TKey key, TValue value)
   在 SmartClass.Models.SerialPortUtils.Port_DataReceived(Object sender, SerialDataReceivedEventArgs e) 位置 E:\SmartClass\SmartClass\Models\SerialPortUtils.cs:行号 97
