2017-08-31 22:44:43.0792|DEBUG|lambda_method|System.TypeInitializationException: “SmartClass.Models.SerialPortUtils”的类型初始值设定项引发异常。 ---> System.UnauthorizedAccessException: 对端口“COM3”的访问被拒绝。
   在 System.IO.Ports.InternalResources.WinIOError(Int32 errorCode, String str)
   在 System.IO.Ports.SerialStream..ctor(String portName, Int32 baudRate, Parity parity, Int32 dataBits, StopBits stopBits, Int32 readTimeout, Int32 writeTimeout, Handshake handshake, Boolean dtrEnable, Boolean rtsEnable, Boolean discardNull, Byte parityReplace)
   在 System.IO.Ports.SerialPort.Open()
   在 SmartClass.Models.SerialPortUtils..cctor() 位置 E:\SmartClass\SmartClass\Models\SerialPortUtils.cs:行号 49
   --- 内部异常堆栈跟踪的结尾 ---
   在 SmartClass.Models.SerialPortService.GetReturnData(String classroom) 位置 E:\SmartClass\SmartClass\Models\SerialPortService.cs:行号 72
   在 SmartClass.Models.SerialPortService.Search(Z_Room room, EquipmentResult& result) 位置 E:\SmartClass\SmartClass\Models\SerialPortService.cs:行号 600
   在 SmartClass.Models.Job.SearchBuildingAllRoomEquipmentJob.SearchBuildingAllRoomEquipmentInfo1(String buildingName, Z_Room room) 位置 E:\SmartClass\SmartClass\Models\Job\SearchBuildingAllRoomEquipmentJob.cs:行号 113
   在 SmartClass.Models.Job.SearchBuildingAllRoomEquipmentJob.Execute(IJobExecutionContext context) 位置 E:\SmartClass\SmartClass\Models\Job\SearchBuildingAllRoomEquipmentJob.cs:行号 41
2017-08-31 22:44:53.0797|DEBUG|lambda_method|System.TypeInitializationException: “SmartClass.Models.SerialPortUtils”的类型初始值设定项引发异常。 ---> System.UnauthorizedAccessException: 对端口“COM3”的访问被拒绝。
   在 System.IO.Ports.InternalResources.WinIOError(Int32 errorCode, String str)
   在 System.IO.Ports.SerialStream..ctor(String portName, Int32 baudRate, Parity parity, Int32 dataBits, StopBits stopBits, Int32 readTimeout, Int32 writeTimeout, Handshake handshake, Boolean dtrEnable, Boolean rtsEnable, Boolean discardNull, Byte parityReplace)
   在 System.IO.Ports.SerialPort.Open()
   在 SmartClass.Models.SerialPortUtils..cctor() 位置 E:\SmartClass\SmartClass\Models\SerialPortUtils.cs:行号 49
   --- 内部异常堆栈跟踪的结尾 ---
   在 SmartClass.Models.SerialPortService.GetReturnData(String classroom) 位置 E:\SmartClass\SmartClass\Models\SerialPortService.cs:行号 72
   在 SmartClass.Models.SerialPortService.Search(Z_Room room, EquipmentResult& result) 位置 E:\SmartClass\SmartClass\Models\SerialPortService.cs:行号 600
   在 SmartClass.Models.Job.SearchBuildingAllRoomEquipmentJob.SearchBuildingAllRoomEquipmentInfo1(String buildingName, Z_Room room) 位置 E:\SmartClass\SmartClass\Models\Job\SearchBuildingAllRoomEquipmentJob.cs:行号 113
   在 SmartClass.Models.Job.SearchBuildingAllRoomEquipmentJob.Execute(IJobExecutionContext context) 位置 E:\SmartClass\SmartClass\Models\Job\SearchBuildingAllRoomEquipmentJob.cs:行号 41
2017-08-31 22:47:33.0796|DEBUG|lambda_method|System.TypeInitializationException: “SmartClass.Models.SerialPortUtils”的类型初始值设定项引发异常。 ---> System.UnauthorizedAccessException: 对端口“COM3”的访问被拒绝。
   在 System.IO.Ports.InternalResources.WinIOError(Int32 errorCode, String str)
   在 System.IO.Ports.SerialStream..ctor(String portName, Int32 baudRate, Parity parity, Int32 dataBits, StopBits stopBits, Int32 readTimeout, Int32 writeTimeout, Handshake handshake, Boolean dtrEnable, Boolean rtsEnable, Boolean discardNull, Byte parityReplace)
   在 System.IO.Ports.SerialPort.Open()
   在 SmartClass.Models.SerialPortUtils..cctor() 位置 E:\SmartClass\SmartClass\Models\SerialPortUtils.cs:行号 49
   --- 内部异常堆栈跟踪的结尾 ---
   在 SmartClass.Models.SerialPortService.GetReturnData(String classroom) 位置 E:\SmartClass\SmartClass\Models\SerialPortService.cs:行号 72
   在 SmartClass.Models.SerialPortService.Search(Z_Room room, EquipmentResult& result) 位置 E:\SmartClass\SmartClass\Models\SerialPortService.cs:行号 600
   在 SmartClass.Models.Job.SearchBuildingAllRoomEquipmentJob.SearchBuildingAllRoomEquipmentInfo1(String buildingName, Z_Room room) 位置 E:\SmartClass\SmartClass\Models\Job\SearchBuildingAllRoomEquipmentJob.cs:行号 113
   在 SmartClass.Models.Job.SearchBuildingAllRoomEquipmentJob.Execute(IJobExecutionContext context) 位置 E:\SmartClass\SmartClass\Models\Job\SearchBuildingAllRoomEquipmentJob.cs:行号 41
2017-08-31 22:47:43.0795|DEBUG|lambda_method|System.TypeInitializationException: “SmartClass.Models.SerialPortUtils”的类型初始值设定项引发异常。 ---> System.UnauthorizedAccessException: 对端口“COM3”的访问被拒绝。
   在 System.IO.Ports.InternalResources.WinIOError(Int32 errorCode, String str)
   在 System.IO.Ports.SerialStream..ctor(String portName, Int32 baudRate, Parity parity, Int32 dataBits, StopBits stopBits, Int32 readTimeout, Int32 writeTimeout, Handshake handshake, Boolean dtrEnable, Boolean rtsEnable, Boolean discardNull, Byte parityReplace)
   在 System.IO.Ports.SerialPort.Open()
   在 SmartClass.Models.SerialPortUtils..cctor() 位置 E:\SmartClass\SmartClass\Models\SerialPortUtils.cs:行号 49
   --- 内部异常堆栈跟踪的结尾 ---
   在 SmartClass.Models.SerialPortService.GetReturnData(String classroom) 位置 E:\SmartClass\SmartClass\Models\SerialPortService.cs:行号 72
   在 SmartClass.Models.SerialPortService.Search(Z_Room room, EquipmentResult& result) 位置 E:\SmartClass\SmartClass\Models\SerialPortService.cs:行号 600
   在 SmartClass.Models.Job.SearchBuildingAllRoomEquipmentJob.SearchBuildingAllRoomEquipmentInfo1(String buildingName, Z_Room room) 位置 E:\SmartClass\SmartClass\Models\Job\SearchBuildingAllRoomEquipmentJob.cs:行号 113
   在 SmartClass.Models.Job.SearchBuildingAllRoomEquipmentJob.Execute(IJobExecutionContext context) 位置 E:\SmartClass\SmartClass\Models\Job\SearchBuildingAllRoomEquipmentJob.cs:行号 41
